2023-05-07 07:41:28,210 - root - INFO - Preparing data ...
2023-05-07 07:42:10,603 - root - INFO - Building Model ...
2023-05-07 07:42:10,607 - root - INFO - Start Training ...
2023-05-07 07:42:10,608 - root - INFO - Start Training: Epoch 1
2023-05-07 07:42:11,140 - root - INFO - Training steps: 0 Loss: 0.6959
2023-05-07 07:42:29,077 - root - INFO - Training steps: 50 Loss: 0.6897
2023-05-07 07:42:36,857 - root - INFO - TRAIN AUC : 0.5272 ACC : 0.5173
2023-05-07 07:42:43,608 - root - INFO - VALID AUC : 0.6823 ACC : 0.5468
2023-05-07 07:42:43,610 - root - INFO - saving model as models/best_model.pt...
2023-05-07 07:42:43,613 - root - INFO - Start Training: Epoch 2
2023-05-07 07:42:44,052 - root - INFO - Training steps: 0 Loss: 0.6873
2023-05-07 07:43:00,902 - root - INFO - Training steps: 50 Loss: 0.6866
2023-05-07 07:43:08,563 - root - INFO - TRAIN AUC : 0.7115 ACC : 0.5689
2023-05-07 07:43:15,184 - root - INFO - VALID AUC : 0.7251 ACC : 0.6363
2023-05-07 07:43:15,187 - root - INFO - saving model as models/best_model.pt...
2023-05-07 07:43:15,191 - root - INFO - Start Training: Epoch 3
2023-05-07 07:43:15,670 - root - INFO - Training steps: 0 Loss: 0.6813
2023-05-07 07:43:32,491 - root - INFO - Training steps: 50 Loss: 0.6735
2023-05-07 07:43:40,157 - root - INFO - TRAIN AUC : 0.7312 ACC : 0.6660
2023-05-07 07:43:47,299 - root - INFO - VALID AUC : 0.7322 ACC : 0.6756
2023-05-07 07:43:47,301 - root - INFO - saving model as models/best_model.pt...
2023-05-07 07:43:47,304 - root - INFO - Start Training: Epoch 4
2023-05-07 07:43:47,691 - root - INFO - Training steps: 0 Loss: 0.6703
2023-05-07 07:44:06,474 - root - INFO - Training steps: 50 Loss: 0.6725
2023-05-07 07:44:14,299 - root - INFO - TRAIN AUC : 0.7328 ACC : 0.6834
2023-05-07 07:44:21,865 - root - INFO - VALID AUC : 0.7345 ACC : 0.6726
2023-05-07 07:44:21,868 - root - INFO - saving model as models/best_model.pt...
2023-05-07 07:44:21,871 - root - INFO - Start Training: Epoch 5
2023-05-07 07:44:22,376 - root - INFO - Training steps: 0 Loss: 0.6447
2023-05-07 07:44:42,094 - root - INFO - Training steps: 50 Loss: 0.6021
2023-05-07 07:44:50,386 - root - INFO - TRAIN AUC : 0.7403 ACC : 0.6826
2023-05-07 07:44:57,177 - root - INFO - VALID AUC : 0.7350 ACC : 0.6716
2023-05-07 07:44:57,180 - root - INFO - saving model as models/best_model.pt...
2023-05-07 07:44:57,183 - root - INFO - Start Training: Epoch 6
2023-05-07 07:44:57,714 - root - INFO - Training steps: 0 Loss: 0.6322
2023-05-07 07:45:17,039 - root - INFO - Training steps: 50 Loss: 0.6021
2023-05-07 07:45:25,047 - root - INFO - TRAIN AUC : 0.7420 ACC : 0.6869
2023-05-07 07:45:32,006 - root - INFO - VALID AUC : 0.7357 ACC : 0.6816
2023-05-07 07:45:32,009 - root - INFO - saving model as models/best_model.pt...
2023-05-07 07:45:32,012 - root - INFO - Start Training: Epoch 7
2023-05-07 07:45:32,534 - root - INFO - Training steps: 0 Loss: 0.5710
2023-05-07 07:45:52,203 - root - INFO - Training steps: 50 Loss: 0.6449
2023-05-07 07:46:01,835 - root - INFO - TRAIN AUC : 0.7429 ACC : 0.6862
2023-05-07 07:46:08,610 - root - INFO - VALID AUC : 0.7369 ACC : 0.6861
2023-05-07 07:46:08,612 - root - INFO - saving model as models/best_model.pt...
2023-05-07 07:46:08,616 - root - INFO - Start Training: Epoch 8
2023-05-07 07:46:09,101 - root - INFO - Training steps: 0 Loss: 0.5955
2023-05-07 07:46:29,319 - root - INFO - Training steps: 50 Loss: 0.5912
2023-05-07 07:46:38,339 - root - INFO - TRAIN AUC : 0.7449 ACC : 0.6873
2023-05-07 07:46:45,085 - root - INFO - VALID AUC : 0.7375 ACC : 0.6821
2023-05-07 07:46:45,088 - root - INFO - saving model as models/best_model.pt...
2023-05-07 07:46:45,092 - root - INFO - Start Training: Epoch 9
2023-05-07 07:46:45,562 - root - INFO - Training steps: 0 Loss: 0.5890
2023-05-07 07:47:05,609 - root - INFO - Training steps: 50 Loss: 0.5930
2023-05-07 07:47:14,418 - root - INFO - TRAIN AUC : 0.7458 ACC : 0.6866
2023-05-07 07:47:21,557 - root - INFO - VALID AUC : 0.7386 ACC : 0.6811
2023-05-07 07:47:21,560 - root - INFO - saving model as models/best_model.pt...
2023-05-07 07:47:21,563 - root - INFO - Start Training: Epoch 10
2023-05-07 07:47:22,048 - root - INFO - Training steps: 0 Loss: 0.6126
2023-05-07 07:47:42,138 - root - INFO - Training steps: 50 Loss: 0.6034
2023-05-07 07:47:51,224 - root - INFO - TRAIN AUC : 0.7464 ACC : 0.6873
2023-05-07 07:47:58,129 - root - INFO - VALID AUC : 0.7388 ACC : 0.6821
2023-05-07 07:47:58,132 - root - INFO - saving model as models/best_model.pt...
2023-05-07 07:47:58,136 - root - INFO - Start Training: Epoch 11
2023-05-07 07:47:58,666 - root - INFO - Training steps: 0 Loss: 0.6030
2023-05-07 07:48:18,834 - root - INFO - Training steps: 50 Loss: 0.6029
2023-05-07 07:48:26,681 - root - INFO - TRAIN AUC : 0.7474 ACC : 0.6862
2023-05-07 07:48:33,375 - root - INFO - VALID AUC : 0.7392 ACC : 0.6846
2023-05-07 07:48:33,377 - root - INFO - saving model as models/best_model.pt...
2023-05-07 07:48:33,380 - root - INFO - Start Training: Epoch 12
2023-05-07 07:48:33,925 - root - INFO - Training steps: 0 Loss: 0.6140
2023-05-07 07:48:54,308 - root - INFO - Training steps: 50 Loss: 0.6283
2023-05-07 07:49:03,019 - root - INFO - TRAIN AUC : 0.7481 ACC : 0.6884
2023-05-07 07:49:09,802 - root - INFO - VALID AUC : 0.7395 ACC : 0.6846
2023-05-07 07:49:09,805 - root - INFO - saving model as models/best_model.pt...
2023-05-07 07:49:09,808 - root - INFO - Start Training: Epoch 13
2023-05-07 07:49:10,351 - root - INFO - Training steps: 0 Loss: 0.6525
2023-05-07 07:49:30,102 - root - INFO - Training steps: 50 Loss: 0.5159
2023-05-07 07:49:39,248 - root - INFO - TRAIN AUC : 0.7482 ACC : 0.6877
2023-05-07 07:49:45,850 - root - INFO - VALID AUC : 0.7399 ACC : 0.6846
2023-05-07 07:49:45,853 - root - INFO - saving model as models/best_model.pt...
2023-05-07 07:49:45,857 - root - INFO - Start Training: Epoch 14
2023-05-07 07:49:46,360 - root - INFO - Training steps: 0 Loss: 0.6126
2023-05-07 07:50:06,271 - root - INFO - Training steps: 50 Loss: 0.5387
2023-05-07 07:50:15,805 - root - INFO - TRAIN AUC : 0.7487 ACC : 0.6898
2023-05-07 07:50:22,712 - root - INFO - VALID AUC : 0.7402 ACC : 0.6846
2023-05-07 07:50:22,714 - root - INFO - saving model as models/best_model.pt...
2023-05-07 07:50:22,717 - root - INFO - Start Training: Epoch 15
2023-05-07 07:50:23,264 - root - INFO - Training steps: 0 Loss: 0.5869
2023-05-07 07:50:43,726 - root - INFO - Training steps: 50 Loss: 0.6511
2023-05-07 07:50:52,456 - root - INFO - TRAIN AUC : 0.7489 ACC : 0.6884
2023-05-07 07:50:59,095 - root - INFO - VALID AUC : 0.7405 ACC : 0.6861
2023-05-07 07:50:59,098 - root - INFO - saving model as models/best_model.pt...
2023-05-07 07:50:59,102 - root - INFO - Start Training: Epoch 16
2023-05-07 07:50:59,591 - root - INFO - Training steps: 0 Loss: 0.6237
2023-05-07 07:51:20,002 - root - INFO - Training steps: 50 Loss: 0.5275
2023-05-07 07:51:29,958 - root - INFO - TRAIN AUC : 0.7495 ACC : 0.6894
2023-05-07 07:51:36,586 - root - INFO - VALID AUC : 0.7406 ACC : 0.6861
2023-05-07 07:51:36,588 - root - INFO - saving model as models/best_model.pt...
2023-05-07 07:51:36,591 - root - INFO - Start Training: Epoch 17
2023-05-07 07:51:37,139 - root - INFO - Training steps: 0 Loss: 0.5533
2023-05-07 07:51:56,960 - root - INFO - Training steps: 50 Loss: 0.6288
2023-05-07 07:52:06,553 - root - INFO - TRAIN AUC : 0.7497 ACC : 0.6907
2023-05-07 07:52:13,480 - root - INFO - VALID AUC : 0.7408 ACC : 0.6866
2023-05-07 07:52:13,483 - root - INFO - saving model as models/best_model.pt...
2023-05-07 07:52:13,486 - root - INFO - Start Training: Epoch 18
2023-05-07 07:52:14,167 - root - INFO - Training steps: 0 Loss: 0.6144
2023-05-07 07:52:34,051 - root - INFO - Training steps: 50 Loss: 0.6384
2023-05-07 07:52:43,646 - root - INFO - TRAIN AUC : 0.7500 ACC : 0.6924
2023-05-07 07:52:50,952 - root - INFO - VALID AUC : 0.7411 ACC : 0.6851
2023-05-07 07:52:50,955 - root - INFO - saving model as models/best_model.pt...
2023-05-07 07:52:50,959 - root - INFO - Start Training: Epoch 19
2023-05-07 07:52:51,513 - root - INFO - Training steps: 0 Loss: 0.5643
2023-05-07 07:53:12,139 - root - INFO - Training steps: 50 Loss: 0.6256
2023-05-07 07:53:22,160 - root - INFO - TRAIN AUC : 0.7502 ACC : 0.6903
2023-05-07 07:53:28,604 - root - INFO - VALID AUC : 0.7411 ACC : 0.6866
2023-05-07 07:53:28,607 - root - INFO - saving model as models/best_model.pt...
2023-05-07 07:53:28,610 - root - INFO - Start Training: Epoch 20
2023-05-07 07:53:29,149 - root - INFO - Training steps: 0 Loss: 0.5240
2023-05-07 07:53:48,224 - root - INFO - Training steps: 50 Loss: 0.5729
2023-05-07 07:53:58,273 - root - INFO - TRAIN AUC : 0.7509 ACC : 0.6920
2023-05-07 07:54:05,604 - root - INFO - VALID AUC : 0.7411 ACC : 0.6846
2023-05-07 08:07:48,966 - root - INFO - Preparing data ...
2023-05-07 08:08:26,810 - root - INFO - Loading Model ...
2023-05-07 08:08:26,811 - root - INFO - Loading Model from: models/best_model.pt
2023-05-07 08:08:26,822 - root - INFO - Successfully loaded model state from: models/best_model.pt
2023-05-07 08:08:26,822 - root - INFO - Make Predictions & Save Submission ...
2023-05-07 08:08:29,340 - root - INFO - Successfully saved submission as outputs/submission.csv
2023-05-07 08:50:36,420 - root - INFO - Preparing data ...
2023-05-07 08:51:23,698 - root - INFO - Building Model ...
2023-05-07 08:51:23,702 - root - INFO - Start Training ...
2023-05-07 08:51:23,702 - root - INFO - Start Training: Epoch 1
2023-05-07 08:51:24,234 - root - INFO - Training steps: 0 Loss: 0.6959
2023-05-07 22:19:30,049 - root - INFO - Preparing data ...
2023-05-07 23:14:53,471 - root - INFO - Preparing data ...
2023-05-07 23:17:51,696 - root - INFO - Preparing data ...
2023-05-17 00:02:07,863 - root - INFO - Preparing data ...
2023-05-17 00:02:50,427 - root - INFO - Building Model ...
2023-05-17 00:02:50,432 - root - INFO - Start Training ...
2023-05-17 00:02:51,353 - root - INFO - Start Training: Epoch 1
2023-05-17 00:02:51,507 - root - INFO - Training steps: 0 Loss: 0.6932
2023-05-17 00:03:07,735 - root - INFO - Training steps: 50 Loss: 0.6931
2023-05-17 00:03:15,606 - root - INFO - TRAIN AUC : 0.5209 ACC : 0.5181
2023-05-17 00:03:22,113 - root - INFO - VALID AUC : 0.6871 ACC : 0.5124
2023-05-17 00:03:22,117 - root - INFO - saving model as models/lstm_best_model.pt...
2023-05-17 00:03:22,120 - root - INFO - Start Training: Epoch 2
2023-05-17 00:03:22,609 - root - INFO - Training steps: 0 Loss: 0.6913
2023-05-17 00:03:40,427 - root - INFO - Training steps: 50 Loss: 0.6903
2023-05-17 00:03:47,955 - root - INFO - TRAIN AUC : 0.7021 ACC : 0.5392
2023-05-17 00:03:54,993 - root - INFO - VALID AUC : 0.7420 ACC : 0.5433
2023-05-17 00:03:54,996 - root - INFO - saving model as models/lstm_best_model.pt...
2023-05-17 00:03:55,001 - root - INFO - Start Training: Epoch 3
2023-05-17 00:03:55,435 - root - INFO - Training steps: 0 Loss: 0.6819
2023-05-17 00:04:13,856 - root - INFO - Training steps: 50 Loss: 0.6900
2023-05-17 00:04:21,348 - root - INFO - TRAIN AUC : 0.7238 ACC : 0.6139
2023-05-17 00:04:28,326 - root - INFO - VALID AUC : 0.7540 ACC : 0.6562
2023-05-17 00:04:28,330 - root - INFO - saving model as models/lstm_best_model.pt...
2023-05-17 00:04:28,334 - root - INFO - Start Training: Epoch 4
2023-05-17 00:04:28,832 - root - INFO - Training steps: 0 Loss: 0.6775
2023-05-17 00:04:47,796 - root - INFO - Training steps: 50 Loss: 0.6795
2023-05-17 00:04:56,104 - root - INFO - TRAIN AUC : 0.7306 ACC : 0.6704
2023-05-17 00:05:02,773 - root - INFO - VALID AUC : 0.7583 ACC : 0.6975
2023-05-17 00:05:02,775 - root - INFO - saving model as models/lstm_best_model.pt...
2023-05-17 00:05:02,778 - root - INFO - Start Training: Epoch 5
2023-05-17 00:05:03,375 - root - INFO - Training steps: 0 Loss: 0.6453
2023-05-17 00:05:23,312 - root - INFO - Training steps: 50 Loss: 0.6828
2023-05-17 00:05:31,210 - root - INFO - TRAIN AUC : 0.7263 ACC : 0.6706
2023-05-17 00:05:37,776 - root - INFO - VALID AUC : 0.7598 ACC : 0.7020
2023-05-17 00:05:37,780 - root - INFO - saving model as models/lstm_best_model.pt...
2023-05-17 00:05:37,785 - root - INFO - Start Training: Epoch 6
2023-05-17 00:05:38,287 - root - INFO - Training steps: 0 Loss: 0.5861
2023-05-17 00:05:58,490 - root - INFO - Training steps: 50 Loss: 0.6085
2023-05-17 00:06:06,838 - root - INFO - TRAIN AUC : 0.7311 ACC : 0.6756
2023-05-17 00:06:13,586 - root - INFO - VALID AUC : 0.7603 ACC : 0.7005
2023-05-17 00:06:13,589 - root - INFO - saving model as models/lstm_best_model.pt...
2023-05-17 00:06:13,594 - root - INFO - Start Training: Epoch 7
2023-05-17 00:06:14,110 - root - INFO - Training steps: 0 Loss: 0.6072
2023-05-17 00:06:32,907 - root - INFO - Training steps: 50 Loss: 0.6557
2023-05-17 00:06:42,300 - root - INFO - TRAIN AUC : 0.7349 ACC : 0.6766
2023-05-17 00:06:48,915 - root - INFO - VALID AUC : 0.7606 ACC : 0.6990
2023-05-17 00:06:48,918 - root - INFO - saving model as models/lstm_best_model.pt...
2023-05-17 00:06:48,923 - root - INFO - Start Training: Epoch 8
2023-05-17 00:06:49,382 - root - INFO - Training steps: 0 Loss: 0.6065
2023-05-17 00:07:09,880 - root - INFO - Training steps: 50 Loss: 0.5806
2023-05-17 00:07:18,372 - root - INFO - TRAIN AUC : 0.7359 ACC : 0.6800
2023-05-17 00:07:25,373 - root - INFO - VALID AUC : 0.7610 ACC : 0.7015
2023-05-17 00:07:25,376 - root - INFO - saving model as models/lstm_best_model.pt...
2023-05-17 00:07:25,381 - root - INFO - Start Training: Epoch 9
2023-05-17 00:07:25,900 - root - INFO - Training steps: 0 Loss: 0.6745
2023-05-17 00:07:46,078 - root - INFO - Training steps: 50 Loss: 0.5958
2023-05-17 00:07:55,157 - root - INFO - TRAIN AUC : 0.7381 ACC : 0.6805
2023-05-17 00:08:01,872 - root - INFO - VALID AUC : 0.7610 ACC : 0.7025
2023-05-17 00:08:01,875 - root - INFO - saving model as models/lstm_best_model.pt...
2023-05-17 00:08:01,880 - root - INFO - Start Training: Epoch 10
2023-05-17 00:08:02,428 - root - INFO - Training steps: 0 Loss: 0.5904
2023-05-17 00:08:23,265 - root - INFO - Training steps: 50 Loss: 0.5734
2023-05-17 00:08:32,321 - root - INFO - TRAIN AUC : 0.7392 ACC : 0.6785
2023-05-17 00:08:38,898 - root - INFO - VALID AUC : 0.7612 ACC : 0.7010
2023-05-17 00:08:38,903 - root - INFO - saving model as models/lstm_best_model.pt...
2023-05-17 00:08:38,909 - root - INFO - Start Training: Epoch 11
2023-05-17 00:08:39,393 - root - INFO - Training steps: 0 Loss: 0.5588
2023-05-17 00:08:59,230 - root - INFO - Training steps: 50 Loss: 0.7066
2023-05-17 00:09:08,373 - root - INFO - TRAIN AUC : 0.7403 ACC : 0.6800
2023-05-17 00:09:15,448 - root - INFO - VALID AUC : 0.7612 ACC : 0.6965
2023-05-17 00:09:15,452 - root - INFO - saving model as models/lstm_best_model.pt...
2023-05-17 00:09:15,457 - root - INFO - Start Training: Epoch 12
2023-05-17 00:09:15,971 - root - INFO - Training steps: 0 Loss: 0.5567
2023-05-17 00:09:35,854 - root - INFO - Training steps: 50 Loss: 0.5777
2023-05-17 00:09:45,655 - root - INFO - TRAIN AUC : 0.7406 ACC : 0.6820
2023-05-17 00:09:52,446 - root - INFO - VALID AUC : 0.7613 ACC : 0.6965
2023-05-17 00:09:52,449 - root - INFO - saving model as models/lstm_best_model.pt...
2023-05-17 00:09:52,455 - root - INFO - Start Training: Epoch 13
2023-05-17 00:09:52,885 - root - INFO - Training steps: 0 Loss: 0.6027
2023-05-17 00:10:12,578 - root - INFO - Training steps: 50 Loss: 0.5652
2023-05-17 00:10:22,182 - root - INFO - TRAIN AUC : 0.7415 ACC : 0.6805
2023-05-17 00:10:29,091 - root - INFO - VALID AUC : 0.7612 ACC : 0.6975
2023-05-17 00:10:29,094 - root - INFO - Start Training: Epoch 14
2023-05-17 00:10:29,717 - root - INFO - Training steps: 0 Loss: 0.6141
2023-05-17 00:10:50,611 - root - INFO - Training steps: 50 Loss: 0.5763
2023-05-17 00:10:59,743 - root - INFO - TRAIN AUC : 0.7421 ACC : 0.6805
2023-05-17 00:11:06,482 - root - INFO - VALID AUC : 0.7612 ACC : 0.7040
2023-05-17 00:11:06,485 - root - INFO - Start Training: Epoch 15
2023-05-17 00:11:07,011 - root - INFO - Training steps: 0 Loss: 0.5375
2023-05-17 00:11:27,443 - root - INFO - Training steps: 50 Loss: 0.5677
2023-05-17 00:11:37,150 - root - INFO - TRAIN AUC : 0.7429 ACC : 0.6815
2023-05-17 00:11:43,960 - root - INFO - VALID AUC : 0.7610 ACC : 0.6940
2023-05-17 00:11:43,962 - root - INFO - Start Training: Epoch 16
2023-05-17 00:11:44,497 - root - INFO - Training steps: 0 Loss: 0.6127
2023-05-17 00:12:04,650 - root - INFO - Training steps: 50 Loss: 0.5693
2023-05-17 00:12:13,577 - root - INFO - TRAIN AUC : 0.7433 ACC : 0.6824
2023-05-17 00:12:20,527 - root - INFO - VALID AUC : 0.7610 ACC : 0.7005
2023-05-17 00:12:20,531 - root - INFO - Start Training: Epoch 17
2023-05-17 00:12:21,077 - root - INFO - Training steps: 0 Loss: 0.5574
2023-05-17 00:12:40,409 - root - INFO - Training steps: 50 Loss: 0.4989
2023-05-17 00:12:49,674 - root - INFO - TRAIN AUC : 0.7435 ACC : 0.6800
2023-05-17 00:12:56,523 - root - INFO - VALID AUC : 0.7610 ACC : 0.7000
2023-05-17 00:12:56,526 - root - INFO - EarlyStopping counter: 5 out of 5
2023-05-17 00:13:02,612 - root - INFO - Preparing data ...
2023-05-17 00:13:45,177 - root - INFO - Building Model ...
2023-05-17 00:13:45,181 - root - INFO - Start Training ...
2023-05-17 00:13:46,068 - root - INFO - Start Training: Epoch 1
2023-05-17 00:13:46,348 - root - INFO - Training steps: 0 Loss: 0.6932
2023-05-17 00:14:03,226 - root - INFO - Training steps: 50 Loss: 0.6494
2023-05-17 00:14:10,404 - root - INFO - TRAIN AUC : 0.7041 ACC : 0.6610
2023-05-17 00:14:17,269 - root - INFO - VALID AUC : 0.7585 ACC : 0.7100
2023-05-17 00:14:17,271 - root - INFO - saving model as models/lstm_best_model.pt...
2023-05-17 00:14:17,275 - root - INFO - Start Training: Epoch 2
2023-05-17 00:14:17,716 - root - INFO - Training steps: 0 Loss: 0.6346
2023-05-17 00:14:35,537 - root - INFO - Training steps: 50 Loss: 0.6601
2023-05-17 00:14:42,944 - root - INFO - TRAIN AUC : 0.7187 ACC : 0.6709
2023-05-17 00:14:49,301 - root - INFO - VALID AUC : 0.7659 ACC : 0.6980
2023-05-17 00:14:49,305 - root - INFO - saving model as models/lstm_best_model.pt...
2023-05-17 00:14:49,310 - root - INFO - Start Training: Epoch 3
2023-05-17 00:14:49,789 - root - INFO - Training steps: 0 Loss: 0.6064
2023-05-17 00:15:07,878 - root - INFO - Training steps: 50 Loss: 0.6464
2023-05-17 00:15:15,511 - root - INFO - TRAIN AUC : 0.7163 ACC : 0.6619
2023-05-17 00:15:22,357 - root - INFO - VALID AUC : 0.7605 ACC : 0.7085
2023-05-17 00:15:22,362 - root - INFO - Start Training: Epoch 4
2023-05-17 00:15:22,884 - root - INFO - Training steps: 0 Loss: 0.6174
2023-05-17 00:15:41,630 - root - INFO - Training steps: 50 Loss: 0.6549
2023-05-17 00:15:49,994 - root - INFO - TRAIN AUC : 0.7173 ACC : 0.6674
2023-05-17 00:15:56,553 - root - INFO - VALID AUC : 0.7622 ACC : 0.7109
2023-05-17 00:15:56,557 - root - INFO - Start Training: Epoch 5
2023-05-17 00:15:57,068 - root - INFO - Training steps: 0 Loss: 0.5577
2023-05-17 00:16:16,321 - root - INFO - Training steps: 50 Loss: 0.6971
2023-05-17 00:16:24,545 - root - INFO - TRAIN AUC : 0.7182 ACC : 0.6711
2023-05-17 00:16:31,535 - root - INFO - VALID AUC : 0.7608 ACC : 0.7060
2023-05-17 00:16:31,537 - root - INFO - Start Training: Epoch 6
2023-05-17 00:16:32,062 - root - INFO - Training steps: 0 Loss: 0.5830
2023-05-17 00:16:51,220 - root - INFO - Training steps: 50 Loss: 0.6097
2023-05-17 00:16:59,571 - root - INFO - TRAIN AUC : 0.7147 ACC : 0.6623
2023-05-17 00:17:06,717 - root - INFO - VALID AUC : 0.7586 ACC : 0.7020
2023-05-17 00:17:06,721 - root - INFO - Start Training: Epoch 7
2023-05-17 00:17:07,294 - root - INFO - Training steps: 0 Loss: 0.6042
2023-05-17 00:17:27,809 - root - INFO - Training steps: 50 Loss: 0.6862
2023-05-17 00:17:35,760 - root - INFO - TRAIN AUC : 0.7188 ACC : 0.6685
2023-05-17 00:17:42,276 - root - INFO - VALID AUC : 0.7596 ACC : 0.6871
2023-05-17 00:17:42,279 - root - INFO - EarlyStopping counter: 5 out of 5
2023-05-17 00:17:48,773 - root - INFO - Preparing data ...
2023-05-17 00:18:30,930 - root - INFO - Building Model ...
2023-05-17 00:18:30,934 - root - INFO - Start Training ...
2023-05-17 00:18:31,790 - root - INFO - Start Training: Epoch 1
2023-05-17 00:18:32,290 - root - INFO - Training steps: 0 Loss: 0.6932
2023-05-17 00:18:49,477 - root - INFO - Training steps: 50 Loss: 0.6931
2023-05-17 00:18:56,608 - root - INFO - TRAIN AUC : 0.5209 ACC : 0.5181
2023-05-17 00:19:03,066 - root - INFO - VALID AUC : 0.6871 ACC : 0.5124
2023-05-17 00:19:03,068 - root - INFO - saving model as models/lstm_best_model.pt...
2023-05-17 00:19:03,072 - root - INFO - Start Training: Epoch 2
2023-05-17 00:19:03,535 - root - INFO - Training steps: 0 Loss: 0.6913
2023-05-17 00:19:20,897 - root - INFO - Training steps: 50 Loss: 0.6903
2023-05-17 00:19:28,701 - root - INFO - TRAIN AUC : 0.7021 ACC : 0.5392
2023-05-17 00:19:35,440 - root - INFO - VALID AUC : 0.7420 ACC : 0.5433
2023-05-17 00:19:35,443 - root - INFO - saving model as models/lstm_best_model.pt...
2023-05-17 00:19:35,448 - root - INFO - Start Training: Epoch 3
2023-05-17 00:19:36,073 - root - INFO - Training steps: 0 Loss: 0.6819
2023-05-17 00:19:54,496 - root - INFO - Training steps: 50 Loss: 0.6900
2023-05-17 00:20:01,854 - root - INFO - TRAIN AUC : 0.7238 ACC : 0.6139
2023-05-17 00:20:08,429 - root - INFO - VALID AUC : 0.7540 ACC : 0.6562
2023-05-17 00:20:08,433 - root - INFO - saving model as models/lstm_best_model.pt...
2023-05-17 00:20:08,437 - root - INFO - Start Training: Epoch 4
2023-05-17 00:20:08,794 - root - INFO - Training steps: 0 Loss: 0.6775
2023-05-17 00:20:28,270 - root - INFO - Training steps: 50 Loss: 0.6795
2023-05-17 00:20:36,039 - root - INFO - TRAIN AUC : 0.7306 ACC : 0.6704
2023-05-17 00:20:42,448 - root - INFO - VALID AUC : 0.7583 ACC : 0.6975
2023-05-17 00:20:42,451 - root - INFO - saving model as models/lstm_best_model.pt...
2023-05-17 00:20:42,456 - root - INFO - Start Training: Epoch 5
2023-05-17 00:20:42,954 - root - INFO - Training steps: 0 Loss: 0.6453
2023-05-17 00:21:01,506 - root - INFO - Training steps: 50 Loss: 0.6828
2023-05-17 00:21:09,725 - root - INFO - TRAIN AUC : 0.7263 ACC : 0.6706
2023-05-17 00:21:16,606 - root - INFO - VALID AUC : 0.7598 ACC : 0.7020
2023-05-17 00:21:16,609 - root - INFO - saving model as models/lstm_best_model.pt...
2023-05-17 00:21:16,614 - root - INFO - Start Training: Epoch 6
2023-05-17 00:21:17,140 - root - INFO - Training steps: 0 Loss: 0.5861
2023-05-17 00:21:36,431 - root - INFO - Training steps: 50 Loss: 0.6085
2023-05-17 00:21:44,708 - root - INFO - TRAIN AUC : 0.7311 ACC : 0.6756
2023-05-17 00:21:51,568 - root - INFO - VALID AUC : 0.7603 ACC : 0.7005
2023-05-17 00:21:51,571 - root - INFO - saving model as models/lstm_best_model.pt...
2023-05-17 00:21:51,577 - root - INFO - Start Training: Epoch 7
2023-05-17 00:21:52,066 - root - INFO - Training steps: 0 Loss: 0.6072
2023-05-17 00:22:12,262 - root - INFO - Training steps: 50 Loss: 0.6557
2023-05-17 00:22:21,408 - root - INFO - TRAIN AUC : 0.7349 ACC : 0.6766
2023-05-17 00:22:28,707 - root - INFO - VALID AUC : 0.7606 ACC : 0.6990
2023-05-17 00:22:28,711 - root - INFO - saving model as models/lstm_best_model.pt...
2023-05-17 00:22:28,716 - root - INFO - Start Training: Epoch 8
2023-05-17 00:22:29,243 - root - INFO - Training steps: 0 Loss: 0.6065
2023-05-17 00:22:48,764 - root - INFO - Training steps: 50 Loss: 0.5806
2023-05-17 00:22:57,671 - root - INFO - TRAIN AUC : 0.7359 ACC : 0.6800
2023-05-17 00:23:04,347 - root - INFO - VALID AUC : 0.7610 ACC : 0.7015
2023-05-17 00:23:04,351 - root - INFO - saving model as models/lstm_best_model.pt...
2023-05-17 00:23:04,357 - root - INFO - Start Training: Epoch 9
2023-05-17 00:23:04,862 - root - INFO - Training steps: 0 Loss: 0.6745
2023-05-17 00:23:25,577 - root - INFO - Training steps: 50 Loss: 0.5958
2023-05-17 00:23:34,902 - root - INFO - TRAIN AUC : 0.7381 ACC : 0.6805
2023-05-17 00:23:41,764 - root - INFO - VALID AUC : 0.7610 ACC : 0.7025
2023-05-17 00:23:41,768 - root - INFO - saving model as models/lstm_best_model.pt...
2023-05-17 00:23:41,773 - root - INFO - Start Training: Epoch 10
2023-05-17 00:23:42,314 - root - INFO - Training steps: 0 Loss: 0.5904
2023-05-17 00:24:02,106 - root - INFO - Training steps: 50 Loss: 0.5734
2023-05-17 00:24:10,452 - root - INFO - TRAIN AUC : 0.7392 ACC : 0.6785
2023-05-17 00:24:17,599 - root - INFO - VALID AUC : 0.7612 ACC : 0.7010
2023-05-17 00:24:17,603 - root - INFO - saving model as models/lstm_best_model.pt...
2023-05-17 00:24:17,608 - root - INFO - Start Training: Epoch 11
2023-05-17 00:24:18,138 - root - INFO - Training steps: 0 Loss: 0.5588
2023-05-17 00:24:38,494 - root - INFO - Training steps: 50 Loss: 0.7066
2023-05-17 00:24:47,534 - root - INFO - TRAIN AUC : 0.7403 ACC : 0.6800
2023-05-17 00:24:54,112 - root - INFO - VALID AUC : 0.7612 ACC : 0.6965
2023-05-17 00:24:54,116 - root - INFO - saving model as models/lstm_best_model.pt...
2023-05-17 00:24:54,121 - root - INFO - Start Training: Epoch 12
2023-05-17 00:24:54,601 - root - INFO - Training steps: 0 Loss: 0.5567
2023-05-17 00:25:14,835 - root - INFO - Training steps: 50 Loss: 0.5777
2023-05-17 00:25:23,564 - root - INFO - TRAIN AUC : 0.7406 ACC : 0.6820
2023-05-17 00:25:30,499 - root - INFO - VALID AUC : 0.7613 ACC : 0.6965
2023-05-17 00:25:30,502 - root - INFO - saving model as models/lstm_best_model.pt...
2023-05-17 00:25:30,512 - root - INFO - Start Training: Epoch 13
2023-05-17 00:25:31,070 - root - INFO - Training steps: 0 Loss: 0.6027
2023-05-17 00:25:50,907 - root - INFO - Training steps: 50 Loss: 0.5652
2023-05-17 00:26:00,417 - root - INFO - TRAIN AUC : 0.7415 ACC : 0.6805
2023-05-17 00:26:07,555 - root - INFO - VALID AUC : 0.7612 ACC : 0.6975
2023-05-17 00:26:07,559 - root - INFO - Start Training: Epoch 14
2023-05-17 00:26:08,171 - root - INFO - Training steps: 0 Loss: 0.6141
2023-05-17 00:26:27,924 - root - INFO - Training steps: 50 Loss: 0.5763
2023-05-17 00:26:37,166 - root - INFO - TRAIN AUC : 0.7421 ACC : 0.6805
2023-05-17 00:26:44,167 - root - INFO - VALID AUC : 0.7612 ACC : 0.7040
2023-05-17 00:26:44,170 - root - INFO - Start Training: Epoch 15
2023-05-17 00:26:44,746 - root - INFO - Training steps: 0 Loss: 0.5375
2023-05-17 00:27:05,000 - root - INFO - Training steps: 50 Loss: 0.5677
2023-05-17 00:27:14,923 - root - INFO - TRAIN AUC : 0.7429 ACC : 0.6815
2023-05-17 00:27:21,708 - root - INFO - VALID AUC : 0.7610 ACC : 0.6940
2023-05-17 00:27:21,710 - root - INFO - Start Training: Epoch 16
2023-05-17 00:27:22,274 - root - INFO - Training steps: 0 Loss: 0.6127
2023-05-17 00:27:42,686 - root - INFO - Training steps: 50 Loss: 0.5693
2023-05-17 00:27:52,305 - root - INFO - TRAIN AUC : 0.7433 ACC : 0.6824
2023-05-17 00:27:59,419 - root - INFO - VALID AUC : 0.7610 ACC : 0.7005
2023-05-17 00:27:59,423 - root - INFO - Start Training: Epoch 17
2023-05-17 00:27:59,970 - root - INFO - Training steps: 0 Loss: 0.5574
2023-05-17 00:28:20,126 - root - INFO - Training steps: 50 Loss: 0.4989
2023-05-17 00:28:29,760 - root - INFO - TRAIN AUC : 0.7435 ACC : 0.6800
2023-05-17 00:28:36,602 - root - INFO - VALID AUC : 0.7610 ACC : 0.7000
2023-05-17 00:28:36,607 - root - INFO - EarlyStopping counter: 5 out of 5
2023-05-17 00:28:47,499 - root - INFO - Preparing data ...
2023-05-17 00:29:29,683 - root - INFO - Building Model ...
2023-05-17 00:29:29,687 - root - INFO - Start Training ...
2023-05-17 00:29:30,556 - root - INFO - Start Training: Epoch 1
2023-05-17 00:29:30,761 - root - INFO - Training steps: 0 Loss: 0.6932
2023-05-17 00:38:34,281 - root - INFO - Preparing data ...
2023-05-17 00:39:16,332 - root - INFO - Building Model ...
2023-05-17 00:39:16,336 - root - INFO - Start Training ...
2023-05-17 00:39:17,200 - root - INFO - Start Training: Epoch 1
2023-05-17 00:39:17,589 - root - INFO - Training steps: 0 Loss: 0.6932
2023-05-17 00:39:34,235 - root - INFO - Training steps: 50 Loss: 0.6931
2023-05-17 00:39:41,719 - root - INFO - TRAIN AUC : 0.5209 ACC : 0.5181
2023-05-17 00:39:47,967 - root - INFO - VALID AUC : 0.6871 ACC : 0.5124
2023-05-17 00:39:47,969 - root - INFO - saving model as models/lstm_best_model.pt...
2023-05-17 00:39:47,973 - root - INFO - Start Training: Epoch 2
2023-05-17 00:39:48,411 - root - INFO - Training steps: 0 Loss: 0.6913
2023-05-17 00:40:05,676 - root - INFO - Training steps: 50 Loss: 0.6903
2023-05-17 00:40:13,123 - root - INFO - TRAIN AUC : 0.7021 ACC : 0.5392
2023-05-17 00:40:20,236 - root - INFO - VALID AUC : 0.7420 ACC : 0.5433
2023-05-17 00:40:20,238 - root - INFO - saving model as models/lstm_best_model.pt...
2023-05-17 00:40:20,242 - root - INFO - Start Training: Epoch 3
2023-05-17 00:40:20,724 - root - INFO - Training steps: 0 Loss: 0.6819
2023-05-17 00:40:38,672 - root - INFO - Training steps: 50 Loss: 0.6900
2023-05-17 00:40:46,932 - root - INFO - TRAIN AUC : 0.7238 ACC : 0.6139
2023-05-17 00:40:53,737 - root - INFO - VALID AUC : 0.7540 ACC : 0.6562
2023-05-17 00:40:53,741 - root - INFO - saving model as models/lstm_best_model.pt...
2023-05-17 00:40:53,745 - root - INFO - Start Training: Epoch 4
2023-05-17 00:40:54,178 - root - INFO - Training steps: 0 Loss: 0.6775
2023-05-17 00:41:13,290 - root - INFO - Training steps: 50 Loss: 0.6795
2023-05-17 00:41:21,185 - root - INFO - TRAIN AUC : 0.7306 ACC : 0.6704
2023-05-17 00:41:27,655 - root - INFO - VALID AUC : 0.7583 ACC : 0.6975
2023-05-17 00:41:27,657 - root - INFO - saving model as models/lstm_best_model.pt...
2023-05-17 00:41:27,661 - root - INFO - Start Training: Epoch 5
2023-05-17 00:41:28,155 - root - INFO - Training steps: 0 Loss: 0.6453
2023-05-17 00:41:47,351 - root - INFO - Training steps: 50 Loss: 0.6828
2023-05-17 00:41:55,450 - root - INFO - TRAIN AUC : 0.7263 ACC : 0.6706
2023-05-17 00:42:02,169 - root - INFO - VALID AUC : 0.7598 ACC : 0.7020
2023-05-17 00:42:02,172 - root - INFO - saving model as models/lstm_best_model.pt...
2023-05-17 00:42:02,177 - root - INFO - Start Training: Epoch 6
2023-05-17 00:42:02,699 - root - INFO - Training steps: 0 Loss: 0.5861
2023-05-17 00:42:22,475 - root - INFO - Training steps: 50 Loss: 0.6085
2023-05-17 00:42:30,555 - root - INFO - TRAIN AUC : 0.7311 ACC : 0.6756
2023-05-17 00:42:37,314 - root - INFO - VALID AUC : 0.7603 ACC : 0.7005
2023-05-17 00:42:37,318 - root - INFO - saving model as models/lstm_best_model.pt...
2023-05-17 00:42:37,323 - root - INFO - Start Training: Epoch 7
2023-05-17 00:42:37,813 - root - INFO - Training steps: 0 Loss: 0.6072
2023-05-17 00:42:58,460 - root - INFO - Training steps: 50 Loss: 0.6557
2023-05-17 00:43:06,780 - root - INFO - TRAIN AUC : 0.7349 ACC : 0.6766
2023-05-17 00:43:13,696 - root - INFO - VALID AUC : 0.7606 ACC : 0.6990
2023-05-17 00:43:13,699 - root - INFO - saving model as models/lstm_best_model.pt...
2023-05-17 00:43:13,704 - root - INFO - Start Training: Epoch 8
2023-05-17 00:43:14,226 - root - INFO - Training steps: 0 Loss: 0.6065
2023-05-17 00:43:34,305 - root - INFO - Training steps: 50 Loss: 0.5806
2023-05-17 00:43:43,069 - root - INFO - TRAIN AUC : 0.7359 ACC : 0.6800
2023-05-17 00:43:50,048 - root - INFO - VALID AUC : 0.7610 ACC : 0.7015
2023-05-17 00:43:50,052 - root - INFO - saving model as models/lstm_best_model.pt...
2023-05-17 00:43:50,056 - root - INFO - Start Training: Epoch 9
2023-05-17 00:43:50,573 - root - INFO - Training steps: 0 Loss: 0.6745
2023-05-17 00:44:10,300 - root - INFO - Training steps: 50 Loss: 0.5958
2023-05-17 00:44:19,499 - root - INFO - TRAIN AUC : 0.7381 ACC : 0.6805
2023-05-17 00:44:26,593 - root - INFO - VALID AUC : 0.7610 ACC : 0.7025
2023-05-17 00:44:26,597 - root - INFO - saving model as models/lstm_best_model.pt...
2023-05-17 00:44:26,602 - root - INFO - Start Training: Epoch 10
2023-05-17 00:44:27,183 - root - INFO - Training steps: 0 Loss: 0.5904
2023-05-17 00:44:47,893 - root - INFO - Training steps: 50 Loss: 0.5734
2023-05-17 00:44:56,437 - root - INFO - TRAIN AUC : 0.7392 ACC : 0.6785
2023-05-17 00:45:02,801 - root - INFO - VALID AUC : 0.7612 ACC : 0.7010
2023-05-17 00:45:02,804 - root - INFO - saving model as models/lstm_best_model.pt...
2023-05-17 00:45:02,810 - root - INFO - Start Training: Epoch 11
2023-05-17 00:45:03,342 - root - INFO - Training steps: 0 Loss: 0.5588
2023-05-17 00:45:23,746 - root - INFO - Training steps: 50 Loss: 0.7066
2023-05-17 00:45:33,205 - root - INFO - TRAIN AUC : 0.7403 ACC : 0.6800
2023-05-17 00:45:39,918 - root - INFO - VALID AUC : 0.7612 ACC : 0.6965
2023-05-17 00:45:39,926 - root - INFO - saving model as models/lstm_best_model.pt...
2023-05-17 00:45:39,931 - root - INFO - Start Training: Epoch 12
2023-05-17 00:45:40,455 - root - INFO - Training steps: 0 Loss: 0.5567
2023-05-17 00:45:59,415 - root - INFO - Training steps: 50 Loss: 0.5777
2023-05-17 00:46:08,687 - root - INFO - TRAIN AUC : 0.7406 ACC : 0.6820
2023-05-17 00:46:15,269 - root - INFO - VALID AUC : 0.7613 ACC : 0.6965
2023-05-17 00:46:15,271 - root - INFO - saving model as models/lstm_best_model.pt...
2023-05-17 00:46:15,277 - root - INFO - Start Training: Epoch 13
2023-05-17 00:46:15,882 - root - INFO - Training steps: 0 Loss: 0.6027
2023-05-17 00:46:35,773 - root - INFO - Training steps: 50 Loss: 0.5652
2023-05-17 00:46:44,996 - root - INFO - TRAIN AUC : 0.7415 ACC : 0.6805
2023-05-17 00:46:51,921 - root - INFO - VALID AUC : 0.7612 ACC : 0.6975
2023-05-17 00:46:51,925 - root - INFO - Start Training: Epoch 14
2023-05-17 00:46:52,393 - root - INFO - Training steps: 0 Loss: 0.6141
2023-05-17 00:47:12,999 - root - INFO - Training steps: 50 Loss: 0.5763
2023-05-17 00:47:22,202 - root - INFO - TRAIN AUC : 0.7421 ACC : 0.6805
2023-05-17 00:47:28,717 - root - INFO - VALID AUC : 0.7612 ACC : 0.7040
2023-05-17 00:47:28,719 - root - INFO - Start Training: Epoch 15
2023-05-17 00:47:29,299 - root - INFO - Training steps: 0 Loss: 0.5375
2023-05-17 00:47:49,570 - root - INFO - Training steps: 50 Loss: 0.5677
2023-05-17 00:47:58,541 - root - INFO - TRAIN AUC : 0.7429 ACC : 0.6815
2023-05-17 00:48:05,448 - root - INFO - VALID AUC : 0.7610 ACC : 0.6940
2023-05-17 00:48:05,454 - root - INFO - Start Training: Epoch 16
2023-05-17 00:48:06,011 - root - INFO - Training steps: 0 Loss: 0.6127
2023-05-17 00:48:26,015 - root - INFO - Training steps: 50 Loss: 0.5693
2023-05-17 00:48:35,469 - root - INFO - TRAIN AUC : 0.7433 ACC : 0.6824
2023-05-17 00:48:42,448 - root - INFO - VALID AUC : 0.7610 ACC : 0.7005
2023-05-17 00:48:42,451 - root - INFO - Start Training: Epoch 17
2023-05-17 00:48:42,997 - root - INFO - Training steps: 0 Loss: 0.5574
2023-05-17 00:49:02,180 - root - INFO - Training steps: 50 Loss: 0.4989
2023-05-17 00:49:12,243 - root - INFO - TRAIN AUC : 0.7435 ACC : 0.6800
2023-05-17 00:49:19,330 - root - INFO - VALID AUC : 0.7610 ACC : 0.7000
2023-05-17 00:49:19,333 - root - INFO - EarlyStopping counter: 5 out of 5
2023-05-17 00:49:30,721 - root - INFO - Preparing data ...
2023-05-17 00:50:13,429 - root - INFO - Building Model ...
2023-05-17 00:50:13,433 - root - INFO - Start Training ...
2023-05-17 00:50:14,300 - root - INFO - Start Training: Epoch 1
2023-05-17 00:50:14,490 - root - INFO - Training steps: 0 Loss: 0.6932
2023-05-17 00:50:30,654 - root - INFO - Training steps: 50 Loss: 0.6931
2023-05-17 00:50:37,979 - root - INFO - TRAIN AUC : 0.5209 ACC : 0.5181
2023-05-17 00:50:44,533 - root - INFO - VALID AUC : 0.6871 ACC : 0.5124
2023-05-17 00:50:44,535 - root - INFO - saving model as models/lstm_best_model.pt...
2023-05-17 00:50:44,539 - root - INFO - Start Training: Epoch 2
2023-05-17 00:50:44,991 - root - INFO - Training steps: 0 Loss: 0.6913
2023-05-17 00:51:02,447 - root - INFO - Training steps: 50 Loss: 0.6903
2023-05-17 00:51:09,831 - root - INFO - TRAIN AUC : 0.7021 ACC : 0.5392
2023-05-17 00:51:16,291 - root - INFO - VALID AUC : 0.7420 ACC : 0.5433
2023-05-17 00:51:16,294 - root - INFO - saving model as models/lstm_best_model.pt...
2023-05-17 00:51:16,298 - root - INFO - Start Training: Epoch 3
2023-05-17 00:51:16,773 - root - INFO - Training steps: 0 Loss: 0.6819
2023-05-17 00:51:34,306 - root - INFO - Training steps: 50 Loss: 0.6900
2023-05-17 00:51:42,255 - root - INFO - TRAIN AUC : 0.7238 ACC : 0.6139
2023-05-17 00:51:49,121 - root - INFO - VALID AUC : 0.7540 ACC : 0.6562
2023-05-17 00:51:49,124 - root - INFO - saving model as models/lstm_best_model.pt...
2023-05-17 00:51:49,130 - root - INFO - Start Training: Epoch 4
2023-05-17 00:51:49,634 - root - INFO - Training steps: 0 Loss: 0.6775
2023-05-17 00:52:08,808 - root - INFO - Training steps: 50 Loss: 0.6795
2023-05-17 00:52:16,999 - root - INFO - TRAIN AUC : 0.7306 ACC : 0.6704
2023-05-17 00:52:23,323 - root - INFO - VALID AUC : 0.7583 ACC : 0.6975
2023-05-17 00:52:23,326 - root - INFO - saving model as models/lstm_best_model.pt...
2023-05-17 00:52:23,332 - root - INFO - Start Training: Epoch 5
2023-05-17 00:52:23,815 - root - INFO - Training steps: 0 Loss: 0.6453
2023-05-17 00:52:44,088 - root - INFO - Training steps: 50 Loss: 0.6828
2023-05-17 00:52:52,289 - root - INFO - TRAIN AUC : 0.7263 ACC : 0.6706
2023-05-17 00:52:58,823 - root - INFO - VALID AUC : 0.7598 ACC : 0.7020
2023-05-17 00:52:58,826 - root - INFO - saving model as models/lstm_best_model.pt...
2023-05-17 00:52:58,831 - root - INFO - Start Training: Epoch 6
2023-05-17 00:52:59,299 - root - INFO - Training steps: 0 Loss: 0.5861
2023-05-17 00:53:19,001 - root - INFO - Training steps: 50 Loss: 0.6085
2023-05-17 00:53:27,589 - root - INFO - TRAIN AUC : 0.7311 ACC : 0.6756
2023-05-17 00:53:34,476 - root - INFO - VALID AUC : 0.7603 ACC : 0.7005
2023-05-17 00:53:34,479 - root - INFO - saving model as models/lstm_best_model.pt...
2023-05-17 00:53:34,485 - root - INFO - Start Training: Epoch 7
2023-05-17 00:53:35,026 - root - INFO - Training steps: 0 Loss: 0.6072
2023-05-17 00:53:55,716 - root - INFO - Training steps: 50 Loss: 0.6557
2023-05-17 00:54:04,387 - root - INFO - TRAIN AUC : 0.7349 ACC : 0.6766
2023-05-17 00:54:11,279 - root - INFO - VALID AUC : 0.7606 ACC : 0.6990
2023-05-17 00:54:11,283 - root - INFO - saving model as models/lstm_best_model.pt...
2023-05-17 00:54:11,288 - root - INFO - Start Training: Epoch 8
2023-05-17 00:54:11,789 - root - INFO - Training steps: 0 Loss: 0.6065
2023-05-17 00:54:32,807 - root - INFO - Training steps: 50 Loss: 0.5806
2023-05-17 00:54:41,275 - root - INFO - TRAIN AUC : 0.7359 ACC : 0.6800
2023-05-17 00:54:48,747 - root - INFO - VALID AUC : 0.7610 ACC : 0.7015
2023-05-17 00:54:48,750 - root - INFO - saving model as models/lstm_best_model.pt...
2023-05-17 00:54:48,755 - root - INFO - Start Training: Epoch 9
2023-05-17 00:54:49,352 - root - INFO - Training steps: 0 Loss: 0.6745
2023-05-17 00:55:09,962 - root - INFO - Training steps: 50 Loss: 0.5958
2023-05-17 00:55:19,130 - root - INFO - TRAIN AUC : 0.7381 ACC : 0.6805
2023-05-17 00:55:26,101 - root - INFO - VALID AUC : 0.7610 ACC : 0.7025
2023-05-17 00:55:26,105 - root - INFO - saving model as models/lstm_best_model.pt...
2023-05-17 00:55:26,109 - root - INFO - Start Training: Epoch 10
2023-05-17 00:55:26,497 - root - INFO - Training steps: 0 Loss: 0.5904
